<?xml version="1.0" encoding="UTF-8"?>
<testsuite name="ProductServiceTest" tests="10" skipped="0" failures="0" errors="0" timestamp="2024-02-05T14:45:12" hostname="WGC100BY8PGX3" time="0.039">
  <properties/>
  <testcase name="shouldThrowExceptionWhenGivenInvalidId()" classname="ProductServiceTest" time="0.019"/>
  <testcase name="updateProductShouldThrowExceptionMessageForUnavailableId()" classname="ProductServiceTest" time="0.002"/>
  <testcase name="shouldSendExceptionMessageAddProduct()" classname="ProductServiceTest" time="0.002"/>
  <testcase name="deleteProductShouldThrowExceptionMessageForUnavailableId()" classname="ProductServiceTest" time="0.001"/>
  <testcase name="addProductTest()" classname="ProductServiceTest" time="0.001"/>
  <testcase name="shouldSendExceptionMessageInvalidId()" classname="ProductServiceTest" time="0.001"/>
  <testcase name="ShouldThrowExceptionWhenAddProductReceivesNullTest()" classname="ProductServiceTest" time="0.002"/>
  <testcase name="AddProductShouldThrowExceptionIfProductAleradyExists()" classname="ProductServiceTest" time="0.001"/>
  <testcase name="updateProductShouldThrowExceptionIfUnavailableId()" classname="ProductServiceTest" time="0.001"/>
  <testcase name="deleteProductShouldThrowExceptionForUnavailableId()" classname="ProductServiceTest" time="0.001"/>
  <system-out><![CDATA[]]></system-out>
  <system-err><![CDATA[]]></system-err>
</testsuite>
