<?xml version="1.0" encoding="UTF-8"?>
<testsuite name="ProductServiceTest" tests="4" skipped="0" failures="0" errors="0" timestamp="2024-02-05T12:18:55" hostname="DESKTOP-BUVH7MD" time="0.039">
  <properties/>
  <testcase name="shouldSendExceptionMessageAddProduct()" classname="ProductServiceTest" time="0.031"/>
  <testcase name="addProductTest()" classname="ProductServiceTest" time="0.002"/>
  <testcase name="ShouldThrowExceptionWhenAddProductReceivesNullTest()" classname="ProductServiceTest" time="0.002"/>
  <testcase name="AddProductShouldThrowExceptionIfProductAleradyExists()" classname="ProductServiceTest" time="0.001"/>
  <system-out><![CDATA[]]></system-out>
  <system-err><![CDATA[]]></system-err>
</testsuite>
